     1                                 %line 1+1 shell.asm
     2                                 
     3                                 
     4                                 
     5                                 
     6                                 
     7                                 
     8                                 
     9                                 
    10                                 
    11                                 
    12                                 
    13                                 
    14                                 
    15                                 
    16                                 
    17                                 
    18                                 
    19                                 
    20                                 
    21                                 
    22                                 
    23                                 
    24                                 
    25                                 
    26                                 
    27                                 
    28                                 
    29                                 
    30                                 
    31                                 
    32                                 
    33                                 %line 73+1 shell.asm
    34                                 
    35                                 
    36                                 
    37                                 
    38                                 
    39                                 
    40                                 
    41                                 
    42                                 
    43                                 
    44                                 
    45                                 %line 112+1 shell.asm
    46                                 
    47                                 
    48                                 
    49                                 [section .data]
    50                                 
    51                                 
    52                                 
    53                                 
    54                                 TRUE equ 1
    55                                 FALSE equ 0
    56                                 
    57                                 EXIT_SUCCESS equ 0
    58                                 
    59                                 STDIN equ 0
    60                                 STDOUT equ 1
    61                                 STDERR equ 2
    62                                 
    63                                 SYS_read equ 0
    64                                 SYS_write equ 1
    65                                 SYS_open equ 2
    66                                 SYS_close equ 3
    67                                 SYS_fork equ 57
    68                                 SYS_exit equ 60
    69                                 SYS_creat equ 85
    70                                 SYS_time equ 201
    71                                 
    72                                 LF equ 10
    73                                 NULL equ 0
    74                                 ESC equ 27
    75                                 
    76                                 LIMIT equ 10000
    77                                 STR_LENGTH equ 10
    78                                 
    79                                 
    80                                 
    81                                 
    82 00000000 59040000D004000062-    lst dd 1113, 1232, 2146, 1376, 5120, 2356, 3164, 4565, 3155, 3157
    83 00000000 080000600500000014-
    84 00000000 0000340900005C0C00-
    85 00000000 00D5110000530C0000-
    86 00000000 550C0000           
    87 00000028 671A0000B6180000AB-     dd 6759, 6326, 171, 147, 5628, 7527, 7569, 1177, 6785, 3514
    88 00000028 00000093000000FC15-
    89 00000028 0000671D0000911D00-
    90 00000028 0099040000811A0000-
    91 00000028 BA0D0000           
    92 00000050 E9030000800000006D-     dd 1001, 128, 1133, 1105, 3327, 101, 115, 1108, 1, 2115
    93 00000050 04000051040000FF0C-
    94 00000050 000065000000730000-
    95 00000050 005404000001000000-
    96 00000050 43080000           
    97 00000078 CB040000CA04000009-     dd 1227, 1226, 5129, 117, 107, 105, 109, 9999, 1150, 3414
    98 00000078 140000750000006B00-
    99 00000078 0000690000006D0000-
   100 00000078 000F2700007E040000-
   101 00000078 560D0000           
   102 000000A0 53040000D7170000DD-     dd 1107, 6103, 1245, 6440, 1465, 2311, 254, 4528, 1913, 6722
   103 000000A0 04000028190000B905-
   104 000000A0 000007090000FE0000-
   105 000000A0 00B011000079070000-
   106 000000A0 421A0000           
   107 000000C8 7D0400004E08000027-     dd 1149, 2126, 5671, 4647, 4628, 327, 2390, 1177, 8275, 5614
   108 000000C8 160000271200001412-
   109 000000C8 000047010000560900-
   110 000000C8 009904000053200000-
   111 000000C8 EE150000           
   112 000000F0 310C00009F01000067-     dd 3121, 415, 615, 122, 7217, 1, 410, 1129, 812, 2134
   113 000000F0 0200007A000000311C-
   114 000000F0 0000010000009A0100-
   115 000000F0 00690400002C030000-
   116 000000F0 56080000           
   117 00000118 C5040000BA08000007-     dd 1221, 2234, 6151, 432, 114, 1629, 114, 522, 2413, 131
   118 00000118 180000B00100007200-
   119 00000118 00005D060000720000-
   120 00000118 000A0200006D090000-
   121 00000118 83000000           
   122 00000140 071600007E0000008A-     dd 5639, 126, 1162, 441, 127, 877, 199, 5679, 1101, 3414
   123 00000140 040000B90100007F00-
   124 00000140 00006D030000C70000-
   125 00000140 002F1600004D040000-
   126 00000140 560D0000           
   127 00000168 35080000850000006D-     dd 2101, 133, 1133, 2450, 4532, 8619, 115, 1618, 9999, 115
   128 00000168 04000092090000B411-
   129 00000168 0000AB210000730000-
   130 00000168 00520600000F270000-
   131 00000168 73000000           
   132 00000190 C30400002C0C000064-     dd 1219, 3116, 612, 217, 127, 6787, 4569, 679, 5675, 4314
   133 00000190 020000D90000007F00-
   134 00000190 0000831A0000D91100-
   135 00000190 00A70200002B160000-
   136 00000190 DA100000           
   137 000001B8 50040000A91A0000A0-     dd 1104, 6825, 1184, 2143, 1176, 134, 4626, 100, 4566, 2346
   138 000001B8 0400005F0800009804-
   139 000001B8 000086000000121200-
   140 000001B8 0064000000D6110000-
   141 000001B8 2A090000           
   142 000001E0 BE040000821A000051-     dd 1214, 6786, 1617, 183, 3512, 7881, 8320, 3467, 4559, 1190
   143 000001E0 060000B7000000B80D-
   144 000001E0 0000C91E0000802000-
   145 000001E0 008B0D0000CF110000-
   146 000001E0 A6040000           
   147 00000208 670000007000000001-     dd 103, 112, 1, 2186, 191, 186, 134, 1125, 5675, 3476
   148 00000208 0000008A080000BF00-
   149 00000208 0000BA000000860000-
   150 00000208 00650400002B160000-
   151 00000208 940D0000           
   152 00000230 64000000010000007A-     dd 100, 1, 1146, 100, 101, 1, 5616, 5662, 6328, 2342
   153 00000230 040000640000006500-
   154 00000230 000001000000F01500-
   155 00000230 001E160000B8180000-
   156 00000230 26090000           
   157 00000258 59080000410800006F-     dd 2137, 2113, 1647, 114, 115, 6571, 7624, 128, 113, 3112
   158 00000258 060000720000007300-
   159 00000258 0000AB190000C81D00-
   160 00000258 008000000071000000-
   161 00000258 280C0000           
   162 00000280 BC060000AC180000C1-     dd 1724, 6316, 1217, 2183, 4352, 121, 320, 4540, 5679, 1190
   163 00000280 040000870800000011-
   164 00000280 000079000000400100-
   165 00000280 00BC1100002F160000-
   166 00000280 A6040000           
   167 000002A8 A52300007400000062-     dd 9125, 116, 1122, 117, 127, 5677, 101, 3727, 6512, 3184
   168 000002A8 040000750000007F00-
   169 000002A8 00002D160000650000-
   170 000002A8 008F0E000070190000-
   171 000002A8 700C0000           
   172 000002D0 69070000E6180000A6-     dd 1897, 6374, 1190, 1667, 1224, 7123, 116, 8126, 6784, 2329
   173 000002D0 04000083060000C804-
   174 000002D0 0000D31B0000740000-
   175 000002D0 00BE1F0000801A0000-
   176 000002D0 19090000           
   177 000002F8 500400007C00000058-     dd 1104, 124, 1112, 143, 176, 7534, 2126, 6112, 156, 1103
   178 000002F8 0400008F000000B000-
   179 000002F8 00006E1D00004E0800-
   180 000002F8 00E01700009C000000-
   181 000002F8 4F040000           
   182 00000320 81040000AC0000007A-     dd 1153, 172, 1146, 2176, 170, 156, 164, 165, 155, 5156
   183 00000320 04000080080000AA00-
   184 00000320 00009C000000A40000-
   185 00000320 00A50000009B000000-
   186 00000320 24140000           
   187 00000348 7E030000B518000064-     dd 894, 6325, 100, 143, 276, 5634, 7526, 3413, 7686, 7563
   188 00000348 0000008F0000001401-
   189 00000348 000002160000661D00-
   190 00000348 00550D0000061E0000-
   191 00000348 8B1D0000           
   192 00000370 FF010000EF1800006D-     dd 511, 6383, 1133, 2150, 825, 5721, 5615, 4568, 7813, 1231
   193 00000370 040000660800003903-
   194 00000370 000059160000EF1500-
   195 00000370 00D8110000851E0000-
   196 00000370 CF040000           
   197 00000398 0F270000920000008A-     dd 9999, 146, 1162, 147, 157, 167, 169, 177, 175, 2144
   198 00000398 040000930000009D00-
   199 00000398 0000A7000000A90000-
   200 00000398 00B1000000AF000000-
   201 00000398 60080000           
   202 000003C0 97150000400500006A-     dd 5527, 1344, 1130, 2172, 224, 7525, 100, 1, 100, 1134
   203 000003C0 0400007C080000E000-
   204 000003C0 0000651D0000640000-
   205 000003C0 000100000064000000-
   206 000003C0 6E040000           
   207 000003E8 B50000009B00000079-     dd 181, 155, 1145, 132, 167, 185, 150, 149, 182, 1434
   208 000003E8 04000084000000A700-
   209 000003E8 0000B9000000960000-
   210 000003E8 0095000000B6000000-
   211 000003E8 9A050000           
   212 00000410 B5190000290E0000AB-     dd 6581, 3625, 6315, 1, 617, 7855, 6737, 129, 4512, 1
   213 00000410 180000010000006902-
   214 00000410 0000AF1E0000511A00-
   215 00000410 0081000000A0110000-
   216 00000410 01000000           
   217 00000438 B1000000A400000088-     dd 177, 164, 1160, 1172, 184, 175, 166, 6762, 158, 4572
   218 00000438 04000094040000B800-
   219 00000438 0000AF000000A60000-
   220 00000438 006A1A00009E000000-
   221 00000438 DC110000           
   222 00000460 A1190000030500006D-     dd 6561, 1283, 1133, 1150, 135, 5631, 8185, 178, 1197, 1185
   223 00000460 0400007E0400008700-
   224 00000460 0000FF150000F91F00-
   225 00000460 00B2000000AD040000-
   226 00000460 A1040000           
   227 00000488 11160000DE1800008A-     dd 5649, 6366, 1162, 1167, 167, 1177, 169, 1177, 175, 1169
   228 00000488 0400008F040000A700-
   229 00000488 000099040000A90000-
   230 00000488 0099040000AF000000-
   231 00000488 91040000           
   232                                 
   233 000004B0 2C010000               len dd 300
   234                                 
   235 000004B4 00000000               min dd 0
   236 000004B8 00000000               med dd 0
   237 000004BC 00000000               max dd 0
   238 000004C0 00000000               sum dd 0
   239 000004C4 00000000               avg dd 0
   240                                 
   241                                 
   242                                 
   243                                 
   244 000004C8 00000000               h dd 0
   245 000004CC 00000000               i dd 0
   246 000004D0 00000000               j dd 0
   247 000004D4 00000000               tmp dd 0
   248 000004D8 06000000               dSix dd 6
   249 000004DC 02000000               dTwo dd 2
   250 000004E0 03000000               dThree dd 3
   251                                 
   252                                 
   253                                 
   254                                 
   255 000004E4 0A00                   newLine db LF, NULL
   256                                 
   257 000004E6 0A2D2D2D2D2D2D2D2D-    hdr db LF, "---------------------------"
   258 000004E6 2D2D2D2D2D2D2D2D2D-
   259 000004E6 2D2D2D2D2D2D2D2D2D-
   260 000004E6 2D                 
   261 00000502 2D2D2D2D2D2D2D2D2D-     db "---------------------------"
   262 00000502 2D2D2D2D2D2D2D2D2D-
   263 00000502 2D2D2D2D2D2D2D2D2D 
   264 0000051D 0A1B5B316D43532032-     db LF, ESC, "[1m", "CS 218 - Assignment #7", ESC, "[0m"
   265 0000051D 3138202D2041737369-
   266 0000051D 676E6D656E74202337-
   267 0000051D 1B5B306D           
   268 0000053C 0A5368656C6C20536F-     db LF, "Shell Sort", LF, LF, NULL
   269 0000053C 72740A0A00         
   270                                 
   271 0000054A 4D696E696D756D3A20-    hdrMin db "Minimum:  ", NULL
   272 0000054A 2000               
   273 00000555 4D6178696D756D3A20-    hdrMax db "Maximum:  ", NULL
   274 00000555 2000               
   275 00000560 4D656469616E3A2020-    hdrMed db "Median:   ", NULL
   276 00000560 2000               
   277 0000056B 53756D3A2020202020-    hdrSum db "Sum:      ", NULL
   278 0000056B 2000               
   279 00000576 417665726167653A20-    hdrAve db "Average:  ", NULL
   280 00000576 2000               
   281                                 
   282                                 
   283                                 
   284                                 [section .bss]
   285                                 
   286 00000000 <gap>                  count resd LIMIT
   287 00009C40 <gap>                  tmpString resb STR_LENGTH
   288                                 
   289                                 
   290                                 
   291                                 [section .text]
   292                                 [global _start]
   293                                 _start:
   294                                 
   295                                 
   296                                 
   297 00000000 B801000000              mov eax, 1
   298 00000005 890425[00000000]        mov dword[h], eax
   299                                  whileLoop1:
   300 0000000C 8B0425[00000000]        mov eax, dword[dThree]
   301 00000013 F72425[00000000]        mul dword[h]
   302 0000001A FFC0                    inc eax
   303 0000001C 3B0425[00000000]        cmp eax, dword[len]
   304 00000023 7D07                    jge exitWhileLoop1
   305 00000025 890425[00000000]        mov dword[h], eax
   306 0000002C EBDC                    jmp whileLoop1
   307                                  exitWhileLoop1:
   308                                 
   309                                  whileLoop2:
   310 0000002E 8B0C25[00000000]        mov ecx, dword[h]
   311 00000035 83F900                  cmp ecx, 0
   312 00000038 0F8EAD000000            jle exitWhileLoop2
   313 0000003E FFC9                    dec ecx
   314 00000040 890C25[00000000]        mov dword[i], ecx
   315                                  forLoop1:
   316 00000047 3B0C25[00000000]        cmp ecx, dword[len]
   317 0000004E 0F8D7C000000            jge exitForLoop1
   318 00000054 678B048D[00000000]      mov eax, dword[lst+ecx*4]
   319 0000005C 890425[00000000]        mov dword[tmp], eax
   320 00000063 890C25[00000000]        mov dword[j], ecx
   321                                  forLoop2:
   322 0000006A 8B3C25[00000000]        mov edi, dword[j]
   323 00000071 3B3C25[00000000]        cmp edi, dword[h]
   324 00000078 7C3B                    jl exitForLoop2
   325 0000007A 89FE                    mov esi, edi
   326 0000007C 2B3425[00000000]        sub esi, dword[h]
   327 00000083 678B34B5[00000000]      mov esi, dword[lst+esi*4]
   328 0000008B 3B3425[00000000]        cmp esi, dword[tmp]
   329 00000092 7E21                    jle exitForLoop2
   330 00000094 448B0C25[00000000]      mov r9d, dword[j]
   331 0000009C 674289348D[00000000]      mov dword[lst+r9d*4], esi
   332 000000A5 442B0C25[00000000]      sub r9d, dword[h]
   333 000000AD 44890C25[00000000]      mov dword[j], r9d
   334 000000B5 EBB1                    jmp forLoop2
   335                                  exitForLoop2:
   336 000000B7 8B3425[00000000]        mov esi, dword[j]
   337 000000BE 448B0C25[00000000]      mov r9d, dword[tmp]
   338 000000C6 6744890CB5[00000000]      mov dword[lst+esi*4], r9d
   339 000000CF FFC1                    inc ecx
   340 000000D1 E96CFFFFFF              jmp forLoop1
   341                                  exitForLoop1:
   342 000000D6 8B0425[00000000]        mov eax, dword[h]
   343 000000DD 99                      cdq
   344 000000DE F73C25[00000000]        idiv dword[dThree]
   345 000000E5 890425[00000000]        mov dword[h], eax
   346 000000EC E938FFFFFF              jmp whileLoop2
   347                                  exitWhileLoop2
   348                                 
   349                                 
   350                                 
   351 000000F1 50                      push rax
   352                                 %line 283+0 shell.asm
   353 000000F2 57                      push rdi
   354 000000F3 56                      push rsi
   355 000000F4 52                      push rdx
   356 000000F5 51                      push rcx
   357                                 
   358 000000F6 48C7C200000000          mov rdx, 0
   359 000000FD 48C7C7[00000000]        mov rdi, hdr
   360                                 ..@4.countLoop:
   361 00000104 803F00                  cmp byte [rdi], NULL
   362 00000107 7406                    je ..@4.countLoopDone
   363 00000109 48FFC7                  inc rdi
   364 0000010C 48FFC2                  inc rdx
   365 0000010F EBF1                    jmp ..@4.countLoop
   366                                 ..@4.countLoopDone:
   367                                 
   368 00000111 48C7C001000000          mov rax, SYS_write
   369 00000118 48C7C701000000          mov rdi, STDOUT
   370 0000011F 48C7C6[00000000]        mov rsi, hdr
   371 00000126 0F05                    syscall
   372                                 
   373 00000128 59                      pop rcx
   374 00000129 5A                      pop rdx
   375 0000012A 5E                      pop rsi
   376 0000012B 5F                      pop rdi
   377 0000012C 58                      pop rax
   378                                 %line 284+1 shell.asm
   379                                 
   380 0000012D 50                      push rax
   381                                 %line 285+0 shell.asm
   382 0000012E 57                      push rdi
   383 0000012F 56                      push rsi
   384 00000130 52                      push rdx
   385 00000131 51                      push rcx
   386                                 
   387 00000132 48C7C200000000          mov rdx, 0
   388 00000139 48C7C7[00000000]        mov rdi, hdrMin
   389                                 ..@5.countLoop:
   390 00000140 803F00                  cmp byte [rdi], NULL
   391 00000143 7406                    je ..@5.countLoopDone
   392 00000145 48FFC7                  inc rdi
   393 00000148 48FFC2                  inc rdx
   394 0000014B EBF1                    jmp ..@5.countLoop
   395                                 ..@5.countLoopDone:
   396                                 
   397 0000014D 48C7C001000000          mov rax, SYS_write
   398 00000154 48C7C701000000          mov rdi, STDOUT
   399 0000015B 48C7C6[00000000]        mov rsi, hdrMin
   400 00000162 0F05                    syscall
   401                                 
   402 00000164 59                      pop rcx
   403 00000165 5A                      pop rdx
   404 00000166 5E                      pop rsi
   405 00000167 5F                      pop rdi
   406 00000168 58                      pop rax
   407                                 %line 286+1 shell.asm
   408 00000169 52                      push rdx
   409                                 %line 286+0 shell.asm
   410 0000016A 50                      push rax
   411 0000016B 51                      push rcx
   412 0000016C 56                      push rsi
   413 0000016D 57                      push rdi
   414 0000016E 4151                    push r9
   415 00000170 4152                    push r10
   416                                 
   417 00000172 8B0425[00000000]        mov eax, dword[min]
   418 00000179 48C7C606000000          mov rsi, 6
   419 00000180 49C7C230000000          mov r10, 0x30
   420 00000187 48C7C100000000          mov rcx, 0
   421 0000018E 49C7C1[00000000]        mov r9, tmpString
   422                                  ..@6.cnt:
   423 00000195 BA00000000              mov edx, 0
   424 0000019A F7F6                    div esi
   425 0000019C 48FFC1                  inc rcx
   426 0000019F 83F800                  cmp eax, 0
   427 000001A2 75EF                    jne ..@6.cnt
   428 000001A4 8B0425[00000000]        mov eax, dword[min]
   429 000001AB 4901C9                  add r9, rcx
   430 000001AE 41C60100                mov byte[r9], NULL
   431 000001B2 49FFC9                  dec r9
   432                                  ..@6.cloop:
   433 000001B5 BA00000000              mov edx, 0
   434 000001BA F7F6                    div esi
   435 000001BC 4401D2                  add edx, r10d
   436 000001BF 418811                  mov byte[r9], dl
   437 000001C2 49FFC9                  dec r9
   438 000001C5 83F800                  cmp eax, 0
   439 000001C8 75E9                    jne ..@6.cloop
   440                                 
   441 000001CA 415A                    pop r10
   442 000001CC 4159                    pop r9
   443 000001CE 5F                      pop rdi
   444 000001CF 5E                      pop rsi
   445 000001D0 59                      pop rcx
   446 000001D1 58                      pop rax
   447 000001D2 5A                      pop rdx
   448                                 %line 287+1 shell.asm
   449 000001D3 50                      push rax
   450                                 %line 287+0 shell.asm
   451 000001D4 57                      push rdi
   452 000001D5 56                      push rsi
   453 000001D6 52                      push rdx
   454 000001D7 51                      push rcx
   455                                 
   456 000001D8 48C7C200000000          mov rdx, 0
   457 000001DF 48C7C7[00000000]        mov rdi, tmpString
   458                                 ..@7.countLoop:
   459 000001E6 803F00                  cmp byte [rdi], NULL
   460 000001E9 7406                    je ..@7.countLoopDone
   461 000001EB 48FFC7                  inc rdi
   462 000001EE 48FFC2                  inc rdx
   463 000001F1 EBF1                    jmp ..@7.countLoop
   464                                 ..@7.countLoopDone:
   465                                 
   466 000001F3 48C7C001000000          mov rax, SYS_write
   467 000001FA 48C7C701000000          mov rdi, STDOUT
   468 00000201 48C7C6[00000000]        mov rsi, tmpString
   469 00000208 0F05                    syscall
   470                                 
   471 0000020A 59                      pop rcx
   472 0000020B 5A                      pop rdx
   473 0000020C 5E                      pop rsi
   474 0000020D 5F                      pop rdi
   475 0000020E 58                      pop rax
   476                                 %line 288+1 shell.asm
   477 0000020F 50                      push rax
   478                                 %line 288+0 shell.asm
   479 00000210 57                      push rdi
   480 00000211 56                      push rsi
   481 00000212 52                      push rdx
   482 00000213 51                      push rcx
   483                                 
   484 00000214 48C7C200000000          mov rdx, 0
   485 0000021B 48C7C7[00000000]        mov rdi, newLine
   486                                 ..@8.countLoop:
   487 00000222 803F00                  cmp byte [rdi], NULL
   488 00000225 7406                    je ..@8.countLoopDone
   489 00000227 48FFC7                  inc rdi
   490 0000022A 48FFC2                  inc rdx
   491 0000022D EBF1                    jmp ..@8.countLoop
   492                                 ..@8.countLoopDone:
   493                                 
   494 0000022F 48C7C001000000          mov rax, SYS_write
   495 00000236 48C7C701000000          mov rdi, STDOUT
   496 0000023D 48C7C6[00000000]        mov rsi, newLine
   497 00000244 0F05                    syscall
   498                                 
   499 00000246 59                      pop rcx
   500 00000247 5A                      pop rdx
   501 00000248 5E                      pop rsi
   502 00000249 5F                      pop rdi
   503 0000024A 58                      pop rax
   504                                 %line 289+1 shell.asm
   505                                 
   506 0000024B 50                      push rax
   507                                 %line 290+0 shell.asm
   508 0000024C 57                      push rdi
   509 0000024D 56                      push rsi
   510 0000024E 52                      push rdx
   511 0000024F 51                      push rcx
   512                                 
   513 00000250 48C7C200000000          mov rdx, 0
   514 00000257 48C7C7[00000000]        mov rdi, hdrMax
   515                                 ..@9.countLoop:
   516 0000025E 803F00                  cmp byte [rdi], NULL
   517 00000261 7406                    je ..@9.countLoopDone
   518 00000263 48FFC7                  inc rdi
   519 00000266 48FFC2                  inc rdx
   520 00000269 EBF1                    jmp ..@9.countLoop
   521                                 ..@9.countLoopDone:
   522                                 
   523 0000026B 48C7C001000000          mov rax, SYS_write
   524 00000272 48C7C701000000          mov rdi, STDOUT
   525 00000279 48C7C6[00000000]        mov rsi, hdrMax
   526 00000280 0F05                    syscall
   527                                 
   528 00000282 59                      pop rcx
   529 00000283 5A                      pop rdx
   530 00000284 5E                      pop rsi
   531 00000285 5F                      pop rdi
   532 00000286 58                      pop rax
   533                                 %line 291+1 shell.asm
   534 00000287 52                      push rdx
   535                                 %line 291+0 shell.asm
   536 00000288 50                      push rax
   537 00000289 51                      push rcx
   538 0000028A 56                      push rsi
   539 0000028B 57                      push rdi
   540 0000028C 4151                    push r9
   541 0000028E 4152                    push r10
   542                                 
   543 00000290 8B0425[00000000]        mov eax, dword[max]
   544 00000297 48C7C606000000          mov rsi, 6
   545 0000029E 49C7C230000000          mov r10, 0x30
   546 000002A5 48C7C100000000          mov rcx, 0
   547 000002AC 49C7C1[00000000]        mov r9, tmpString
   548                                  ..@10.cnt:
   549 000002B3 BA00000000              mov edx, 0
   550 000002B8 F7F6                    div esi
   551 000002BA 48FFC1                  inc rcx
   552 000002BD 83F800                  cmp eax, 0
   553 000002C0 75EF                    jne ..@10.cnt
   554 000002C2 8B0425[00000000]        mov eax, dword[max]
   555 000002C9 4901C9                  add r9, rcx
   556 000002CC 41C60100                mov byte[r9], NULL
   557 000002D0 49FFC9                  dec r9
   558                                  ..@10.cloop:
   559 000002D3 BA00000000              mov edx, 0
   560 000002D8 F7F6                    div esi
   561 000002DA 4401D2                  add edx, r10d
   562 000002DD 418811                  mov byte[r9], dl
   563 000002E0 49FFC9                  dec r9
   564 000002E3 83F800                  cmp eax, 0
   565 000002E6 75E9                    jne ..@10.cloop
   566                                 
   567 000002E8 415A                    pop r10
   568 000002EA 4159                    pop r9
   569 000002EC 5F                      pop rdi
   570 000002ED 5E                      pop rsi
   571 000002EE 59                      pop rcx
   572 000002EF 58                      pop rax
   573 000002F0 5A                      pop rdx
   574                                 %line 292+1 shell.asm
   575 000002F1 50                      push rax
   576                                 %line 292+0 shell.asm
   577 000002F2 57                      push rdi
   578 000002F3 56                      push rsi
   579 000002F4 52                      push rdx
   580 000002F5 51                      push rcx
   581                                 
   582 000002F6 48C7C200000000          mov rdx, 0
   583 000002FD 48C7C7[00000000]        mov rdi, tmpString
   584                                 ..@11.countLoop:
   585 00000304 803F00                  cmp byte [rdi], NULL
   586 00000307 7406                    je ..@11.countLoopDone
   587 00000309 48FFC7                  inc rdi
   588 0000030C 48FFC2                  inc rdx
   589 0000030F EBF1                    jmp ..@11.countLoop
   590                                 ..@11.countLoopDone:
   591                                 
   592 00000311 48C7C001000000          mov rax, SYS_write
   593 00000318 48C7C701000000          mov rdi, STDOUT
   594 0000031F 48C7C6[00000000]        mov rsi, tmpString
   595 00000326 0F05                    syscall
   596                                 
   597 00000328 59                      pop rcx
   598 00000329 5A                      pop rdx
   599 0000032A 5E                      pop rsi
   600 0000032B 5F                      pop rdi
   601 0000032C 58                      pop rax
   602                                 %line 293+1 shell.asm
   603 0000032D 50                      push rax
   604                                 %line 293+0 shell.asm
   605 0000032E 57                      push rdi
   606 0000032F 56                      push rsi
   607 00000330 52                      push rdx
   608 00000331 51                      push rcx
   609                                 
   610 00000332 48C7C200000000          mov rdx, 0
   611 00000339 48C7C7[00000000]        mov rdi, newLine
   612                                 ..@12.countLoop:
   613 00000340 803F00                  cmp byte [rdi], NULL
   614 00000343 7406                    je ..@12.countLoopDone
   615 00000345 48FFC7                  inc rdi
   616 00000348 48FFC2                  inc rdx
   617 0000034B EBF1                    jmp ..@12.countLoop
   618                                 ..@12.countLoopDone:
   619                                 
   620 0000034D 48C7C001000000          mov rax, SYS_write
   621 00000354 48C7C701000000          mov rdi, STDOUT
   622 0000035B 48C7C6[00000000]        mov rsi, newLine
   623 00000362 0F05                    syscall
   624                                 
   625 00000364 59                      pop rcx
   626 00000365 5A                      pop rdx
   627 00000366 5E                      pop rsi
   628 00000367 5F                      pop rdi
   629 00000368 58                      pop rax
   630                                 %line 294+1 shell.asm
   631                                 
   632 00000369 50                      push rax
   633                                 %line 295+0 shell.asm
   634 0000036A 57                      push rdi
   635 0000036B 56                      push rsi
   636 0000036C 52                      push rdx
   637 0000036D 51                      push rcx
   638                                 
   639 0000036E 48C7C200000000          mov rdx, 0
   640 00000375 48C7C7[00000000]        mov rdi, hdrMed
   641                                 ..@13.countLoop:
   642 0000037C 803F00                  cmp byte [rdi], NULL
   643 0000037F 7406                    je ..@13.countLoopDone
   644 00000381 48FFC7                  inc rdi
   645 00000384 48FFC2                  inc rdx
   646 00000387 EBF1                    jmp ..@13.countLoop
   647                                 ..@13.countLoopDone:
   648                                 
   649 00000389 48C7C001000000          mov rax, SYS_write
   650 00000390 48C7C701000000          mov rdi, STDOUT
   651 00000397 48C7C6[00000000]        mov rsi, hdrMed
   652 0000039E 0F05                    syscall
   653                                 
   654 000003A0 59                      pop rcx
   655 000003A1 5A                      pop rdx
   656 000003A2 5E                      pop rsi
   657 000003A3 5F                      pop rdi
   658 000003A4 58                      pop rax
   659                                 %line 296+1 shell.asm
   660 000003A5 52                      push rdx
   661                                 %line 296+0 shell.asm
   662 000003A6 50                      push rax
   663 000003A7 51                      push rcx
   664 000003A8 56                      push rsi
   665 000003A9 57                      push rdi
   666 000003AA 4151                    push r9
   667 000003AC 4152                    push r10
   668                                 
   669 000003AE 8B0425[00000000]        mov eax, dword[med]
   670 000003B5 48C7C606000000          mov rsi, 6
   671 000003BC 49C7C230000000          mov r10, 0x30
   672 000003C3 48C7C100000000          mov rcx, 0
   673 000003CA 49C7C1[00000000]        mov r9, tmpString
   674                                  ..@14.cnt:
   675 000003D1 BA00000000              mov edx, 0
   676 000003D6 F7F6                    div esi
   677 000003D8 48FFC1                  inc rcx
   678 000003DB 83F800                  cmp eax, 0
   679 000003DE 75EF                    jne ..@14.cnt
   680 000003E0 8B0425[00000000]        mov eax, dword[med]
   681 000003E7 4901C9                  add r9, rcx
   682 000003EA 41C60100                mov byte[r9], NULL
   683 000003EE 49FFC9                  dec r9
   684                                  ..@14.cloop:
   685 000003F1 BA00000000              mov edx, 0
   686 000003F6 F7F6                    div esi
   687 000003F8 4401D2                  add edx, r10d
   688 000003FB 418811                  mov byte[r9], dl
   689 000003FE 49FFC9                  dec r9
   690 00000401 83F800                  cmp eax, 0
   691 00000404 75E9                    jne ..@14.cloop
   692                                 
   693 00000406 415A                    pop r10
   694 00000408 4159                    pop r9
   695 0000040A 5F                      pop rdi
   696 0000040B 5E                      pop rsi
   697 0000040C 59                      pop rcx
   698 0000040D 58                      pop rax
   699 0000040E 5A                      pop rdx
   700                                 %line 297+1 shell.asm
   701 0000040F 50                      push rax
   702                                 %line 297+0 shell.asm
   703 00000410 57                      push rdi
   704 00000411 56                      push rsi
   705 00000412 52                      push rdx
   706 00000413 51                      push rcx
   707                                 
   708 00000414 48C7C200000000          mov rdx, 0
   709 0000041B 48C7C7[00000000]        mov rdi, tmpString
   710                                 ..@15.countLoop:
   711 00000422 803F00                  cmp byte [rdi], NULL
   712 00000425 7406                    je ..@15.countLoopDone
   713 00000427 48FFC7                  inc rdi
   714 0000042A 48FFC2                  inc rdx
   715 0000042D EBF1                    jmp ..@15.countLoop
   716                                 ..@15.countLoopDone:
   717                                 
   718 0000042F 48C7C001000000          mov rax, SYS_write
   719 00000436 48C7C701000000          mov rdi, STDOUT
   720 0000043D 48C7C6[00000000]        mov rsi, tmpString
   721 00000444 0F05                    syscall
   722                                 
   723 00000446 59                      pop rcx
   724 00000447 5A                      pop rdx
   725 00000448 5E                      pop rsi
   726 00000449 5F                      pop rdi
   727 0000044A 58                      pop rax
   728                                 %line 298+1 shell.asm
   729 0000044B 50                      push rax
   730                                 %line 298+0 shell.asm
   731 0000044C 57                      push rdi
   732 0000044D 56                      push rsi
   733 0000044E 52                      push rdx
   734 0000044F 51                      push rcx
   735                                 
   736 00000450 48C7C200000000          mov rdx, 0
   737 00000457 48C7C7[00000000]        mov rdi, newLine
   738                                 ..@16.countLoop:
   739 0000045E 803F00                  cmp byte [rdi], NULL
   740 00000461 7406                    je ..@16.countLoopDone
   741 00000463 48FFC7                  inc rdi
   742 00000466 48FFC2                  inc rdx
   743 00000469 EBF1                    jmp ..@16.countLoop
   744                                 ..@16.countLoopDone:
   745                                 
   746 0000046B 48C7C001000000          mov rax, SYS_write
   747 00000472 48C7C701000000          mov rdi, STDOUT
   748 00000479 48C7C6[00000000]        mov rsi, newLine
   749 00000480 0F05                    syscall
   750                                 
   751 00000482 59                      pop rcx
   752 00000483 5A                      pop rdx
   753 00000484 5E                      pop rsi
   754 00000485 5F                      pop rdi
   755 00000486 58                      pop rax
   756                                 %line 299+1 shell.asm
   757                                 
   758 00000487 50                      push rax
   759                                 %line 300+0 shell.asm
   760 00000488 57                      push rdi
   761 00000489 56                      push rsi
   762 0000048A 52                      push rdx
   763 0000048B 51                      push rcx
   764                                 
   765 0000048C 48C7C200000000          mov rdx, 0
   766 00000493 48C7C7[00000000]        mov rdi, hdrSum
   767                                 ..@17.countLoop:
   768 0000049A 803F00                  cmp byte [rdi], NULL
   769 0000049D 7406                    je ..@17.countLoopDone
   770 0000049F 48FFC7                  inc rdi
   771 000004A2 48FFC2                  inc rdx
   772 000004A5 EBF1                    jmp ..@17.countLoop
   773                                 ..@17.countLoopDone:
   774                                 
   775 000004A7 48C7C001000000          mov rax, SYS_write
   776 000004AE 48C7C701000000          mov rdi, STDOUT
   777 000004B5 48C7C6[00000000]        mov rsi, hdrSum
   778 000004BC 0F05                    syscall
   779                                 
   780 000004BE 59                      pop rcx
   781 000004BF 5A                      pop rdx
   782 000004C0 5E                      pop rsi
   783 000004C1 5F                      pop rdi
   784 000004C2 58                      pop rax
   785                                 %line 301+1 shell.asm
   786 000004C3 52                      push rdx
   787                                 %line 301+0 shell.asm
   788 000004C4 50                      push rax
   789 000004C5 51                      push rcx
   790 000004C6 56                      push rsi
   791 000004C7 57                      push rdi
   792 000004C8 4151                    push r9
   793 000004CA 4152                    push r10
   794                                 
   795 000004CC 8B0425[00000000]        mov eax, dword[sum]
   796 000004D3 48C7C606000000          mov rsi, 6
   797 000004DA 49C7C230000000          mov r10, 0x30
   798 000004E1 48C7C100000000          mov rcx, 0
   799 000004E8 49C7C1[00000000]        mov r9, tmpString
   800                                  ..@18.cnt:
   801 000004EF BA00000000              mov edx, 0
   802 000004F4 F7F6                    div esi
   803 000004F6 48FFC1                  inc rcx
   804 000004F9 83F800                  cmp eax, 0
   805 000004FC 75EF                    jne ..@18.cnt
   806 000004FE 8B0425[00000000]        mov eax, dword[sum]
   807 00000505 4901C9                  add r9, rcx
   808 00000508 41C60100                mov byte[r9], NULL
   809 0000050C 49FFC9                  dec r9
   810                                  ..@18.cloop:
   811 0000050F BA00000000              mov edx, 0
   812 00000514 F7F6                    div esi
   813 00000516 4401D2                  add edx, r10d
   814 00000519 418811                  mov byte[r9], dl
   815 0000051C 49FFC9                  dec r9
   816 0000051F 83F800                  cmp eax, 0
   817 00000522 75E9                    jne ..@18.cloop
   818                                 
   819 00000524 415A                    pop r10
   820 00000526 4159                    pop r9
   821 00000528 5F                      pop rdi
   822 00000529 5E                      pop rsi
   823 0000052A 59                      pop rcx
   824 0000052B 58                      pop rax
   825 0000052C 5A                      pop rdx
   826                                 %line 302+1 shell.asm
   827 0000052D 50                      push rax
   828                                 %line 302+0 shell.asm
   829 0000052E 57                      push rdi
   830 0000052F 56                      push rsi
   831 00000530 52                      push rdx
   832 00000531 51                      push rcx
   833                                 
   834 00000532 48C7C200000000          mov rdx, 0
   835 00000539 48C7C7[00000000]        mov rdi, tmpString
   836                                 ..@19.countLoop:
   837 00000540 803F00                  cmp byte [rdi], NULL
   838 00000543 7406                    je ..@19.countLoopDone
   839 00000545 48FFC7                  inc rdi
   840 00000548 48FFC2                  inc rdx
   841 0000054B EBF1                    jmp ..@19.countLoop
   842                                 ..@19.countLoopDone:
   843                                 
   844 0000054D 48C7C001000000          mov rax, SYS_write
   845 00000554 48C7C701000000          mov rdi, STDOUT
   846 0000055B 48C7C6[00000000]        mov rsi, tmpString
   847 00000562 0F05                    syscall
   848                                 
   849 00000564 59                      pop rcx
   850 00000565 5A                      pop rdx
   851 00000566 5E                      pop rsi
   852 00000567 5F                      pop rdi
   853 00000568 58                      pop rax
   854                                 %line 303+1 shell.asm
   855 00000569 50                      push rax
   856                                 %line 303+0 shell.asm
   857 0000056A 57                      push rdi
   858 0000056B 56                      push rsi
   859 0000056C 52                      push rdx
   860 0000056D 51                      push rcx
   861                                 
   862 0000056E 48C7C200000000          mov rdx, 0
   863 00000575 48C7C7[00000000]        mov rdi, newLine
   864                                 ..@20.countLoop:
   865 0000057C 803F00                  cmp byte [rdi], NULL
   866 0000057F 7406                    je ..@20.countLoopDone
   867 00000581 48FFC7                  inc rdi
   868 00000584 48FFC2                  inc rdx
   869 00000587 EBF1                    jmp ..@20.countLoop
   870                                 ..@20.countLoopDone:
   871                                 
   872 00000589 48C7C001000000          mov rax, SYS_write
   873 00000590 48C7C701000000          mov rdi, STDOUT
   874 00000597 48C7C6[00000000]        mov rsi, newLine
   875 0000059E 0F05                    syscall
   876                                 
   877 000005A0 59                      pop rcx
   878 000005A1 5A                      pop rdx
   879 000005A2 5E                      pop rsi
   880 000005A3 5F                      pop rdi
   881 000005A4 58                      pop rax
   882                                 %line 304+1 shell.asm
   883                                 
   884 000005A5 50                      push rax
   885                                 %line 305+0 shell.asm
   886 000005A6 57                      push rdi
   887 000005A7 56                      push rsi
   888 000005A8 52                      push rdx
   889 000005A9 51                      push rcx
   890                                 
   891 000005AA 48C7C200000000          mov rdx, 0
   892 000005B1 48C7C7[00000000]        mov rdi, hdrAve
   893                                 ..@21.countLoop:
   894 000005B8 803F00                  cmp byte [rdi], NULL
   895 000005BB 7406                    je ..@21.countLoopDone
   896 000005BD 48FFC7                  inc rdi
   897 000005C0 48FFC2                  inc rdx
   898 000005C3 EBF1                    jmp ..@21.countLoop
   899                                 ..@21.countLoopDone:
   900                                 
   901 000005C5 48C7C001000000          mov rax, SYS_write
   902 000005CC 48C7C701000000          mov rdi, STDOUT
   903 000005D3 48C7C6[00000000]        mov rsi, hdrAve
   904 000005DA 0F05                    syscall
   905                                 
   906 000005DC 59                      pop rcx
   907 000005DD 5A                      pop rdx
   908 000005DE 5E                      pop rsi
   909 000005DF 5F                      pop rdi
   910 000005E0 58                      pop rax
   911                                 %line 306+1 shell.asm
   912 000005E1 52                      push rdx
   913                                 %line 306+0 shell.asm
   914 000005E2 50                      push rax
   915 000005E3 51                      push rcx
   916 000005E4 56                      push rsi
   917 000005E5 57                      push rdi
   918 000005E6 4151                    push r9
   919 000005E8 4152                    push r10
   920                                 
   921 000005EA 8B0425[00000000]        mov eax, dword[avg]
   922 000005F1 48C7C606000000          mov rsi, 6
   923 000005F8 49C7C230000000          mov r10, 0x30
   924 000005FF 48C7C100000000          mov rcx, 0
   925 00000606 49C7C1[00000000]        mov r9, tmpString
   926                                  ..@22.cnt:
   927 0000060D BA00000000              mov edx, 0
   928 00000612 F7F6                    div esi
   929 00000614 48FFC1                  inc rcx
   930 00000617 83F800                  cmp eax, 0
   931 0000061A 75EF                    jne ..@22.cnt
   932 0000061C 8B0425[00000000]        mov eax, dword[avg]
   933 00000623 4901C9                  add r9, rcx
   934 00000626 41C60100                mov byte[r9], NULL
   935 0000062A 49FFC9                  dec r9
   936                                  ..@22.cloop:
   937 0000062D BA00000000              mov edx, 0
   938 00000632 F7F6                    div esi
   939 00000634 4401D2                  add edx, r10d
   940 00000637 418811                  mov byte[r9], dl
   941 0000063A 49FFC9                  dec r9
   942 0000063D 83F800                  cmp eax, 0
   943 00000640 75E9                    jne ..@22.cloop
   944                                 
   945 00000642 415A                    pop r10
   946 00000644 4159                    pop r9
   947 00000646 5F                      pop rdi
   948 00000647 5E                      pop rsi
   949 00000648 59                      pop rcx
   950 00000649 58                      pop rax
   951 0000064A 5A                      pop rdx
   952                                 %line 307+1 shell.asm
   953 0000064B 50                      push rax
   954                                 %line 307+0 shell.asm
   955 0000064C 57                      push rdi
   956 0000064D 56                      push rsi
   957 0000064E 52                      push rdx
   958 0000064F 51                      push rcx
   959                                 
   960 00000650 48C7C200000000          mov rdx, 0
   961 00000657 48C7C7[00000000]        mov rdi, tmpString
   962                                 ..@23.countLoop:
   963 0000065E 803F00                  cmp byte [rdi], NULL
   964 00000661 7406                    je ..@23.countLoopDone
   965 00000663 48FFC7                  inc rdi
   966 00000666 48FFC2                  inc rdx
   967 00000669 EBF1                    jmp ..@23.countLoop
   968                                 ..@23.countLoopDone:
   969                                 
   970 0000066B 48C7C001000000          mov rax, SYS_write
   971 00000672 48C7C701000000          mov rdi, STDOUT
   972 00000679 48C7C6[00000000]        mov rsi, tmpString
   973 00000680 0F05                    syscall
   974                                 
   975 00000682 59                      pop rcx
   976 00000683 5A                      pop rdx
   977 00000684 5E                      pop rsi
   978 00000685 5F                      pop rdi
   979 00000686 58                      pop rax
   980                                 %line 308+1 shell.asm
   981 00000687 50                      push rax
   982                                 %line 308+0 shell.asm
   983 00000688 57                      push rdi
   984 00000689 56                      push rsi
   985 0000068A 52                      push rdx
   986 0000068B 51                      push rcx
   987                                 
   988 0000068C 48C7C200000000          mov rdx, 0
   989 00000693 48C7C7[00000000]        mov rdi, newLine
   990                                 ..@24.countLoop:
   991 0000069A 803F00                  cmp byte [rdi], NULL
   992 0000069D 7406                    je ..@24.countLoopDone
   993 0000069F 48FFC7                  inc rdi
   994 000006A2 48FFC2                  inc rdx
   995 000006A5 EBF1                    jmp ..@24.countLoop
   996                                 ..@24.countLoopDone:
   997                                 
   998 000006A7 48C7C001000000          mov rax, SYS_write
   999 000006AE 48C7C701000000          mov rdi, STDOUT
  1000 000006B5 48C7C6[00000000]        mov rsi, newLine
  1001 000006BC 0F05                    syscall
  1002                                 
  1003 000006BE 59                      pop rcx
  1004 000006BF 5A                      pop rdx
  1005 000006C0 5E                      pop rsi
  1006 000006C1 5F                      pop rdi
  1007 000006C2 58                      pop rax
  1008                                 %line 309+1 shell.asm
  1009 000006C3 50                      push rax
  1010                                 %line 309+0 shell.asm
  1011 000006C4 57                      push rdi
  1012 000006C5 56                      push rsi
  1013 000006C6 52                      push rdx
  1014 000006C7 51                      push rcx
  1015                                 
  1016 000006C8 48C7C200000000          mov rdx, 0
  1017 000006CF 48C7C7[00000000]        mov rdi, newLine
  1018                                 ..@25.countLoop:
  1019 000006D6 803F00                  cmp byte [rdi], NULL
  1020 000006D9 7406                    je ..@25.countLoopDone
  1021 000006DB 48FFC7                  inc rdi
  1022 000006DE 48FFC2                  inc rdx
  1023 000006E1 EBF1                    jmp ..@25.countLoop
  1024                                 ..@25.countLoopDone:
  1025                                 
  1026 000006E3 48C7C001000000          mov rax, SYS_write
  1027 000006EA 48C7C701000000          mov rdi, STDOUT
  1028 000006F1 48C7C6[00000000]        mov rsi, newLine
  1029 000006F8 0F05                    syscall
  1030                                 
  1031 000006FA 59                      pop rcx
  1032 000006FB 5A                      pop rdx
  1033 000006FC 5E                      pop rsi
  1034 000006FD 5F                      pop rdi
  1035 000006FE 58                      pop rax
  1036                                 %line 310+1 shell.asm
  1037                                 
  1038                                 
  1039                                 
  1040                                 
  1041                                 last:
  1042 000006FF 48C7C03C000000          mov rax, SYS_exit
  1043 00000706 48C7C300000000          mov rbx, EXIT_SUCCESS
  1044 0000070D 0F05                    syscall
  1045                                 
  1046                                 
