     1                                 %line 1+1 RhombusCalc.asm
     2                                 
     3                                 
     4                                 [section .data]
     5                                 
     6                                 
     7                                 
     8                                 
     9                                 NULL equ 0
    10                                 
    11                                 TRUE equ 1
    12                                 FALSE equ 0
    13                                 
    14                                 EXIT_SUCCESS equ 0
    15                                 SYS_exit equ 60
    16                                 
    17                                 
    18                                 
    19                                 
    20 00000000 64081A033E0A3F0A5A-    aSides dw 2148, 794, 2622, 2623, 2138
    21 00000000 08                 
    22 0000000A 870661081006C3048B-     dw 1671, 2145, 1552, 1219, 1675
    23 0000000A 06                 
    24 00000014 2C0320032F03490AB5-     dw 812, 800, 815, 2633, 1205
    25 00000014 04                 
    26 0000001E 8C06630813065C0829-     dw 1676, 2147, 1555, 2140, 3113
    27 0000001E 0C                 
    28 00000028 280361085B0A550A1F-     dw 808, 2145, 2651, 2645, 3615
    29 00000028 0E                 
    30 00000032 8D063403F60563081B-     dw 1677, 820, 1526, 2147, 3611
    31 00000032 0E                 
    32 0000003C 1006C3048B068706        dw 1552, 1219, 1675, 1671
    33                                 
    34 00000044 6D045A0463046B046E-    pDiags dw 1133, 1114, 1123, 1131, 1134
    35 00000044 04                 
    36 0000004E 8C048104BA0863048D-     dw 1164, 1153, 2234, 1123, 1165
    37 0000004E 04                 
    38 00000058 780458046304760463-     dw 1144, 1112, 1123, 1142, 1123
    39 00000058 04                 
    40 00000062 8D048C04E10884046E-     dw 1165, 1164, 2273, 1156, 1134
    41 00000062 04                 
    42 0000006C 81048104DB0481046F-     dw 1153, 1153, 1243, 1153, 1135
    43 0000006C 04                 
    44 00000076 7804910456086D046C-     dw 1144, 1169, 2134, 1133, 1132
    45 00000076 04                 
    46 00000080 BA0863048D048C04        dw 2234, 1123, 1165, 1164
    47                                 
    48 00000088 311000006E04000003-    qDiags dd 4145, 1134, 5123, 5123, 4123
    49 00000088 140000031400001B10-
    50 00000088 0000               
    51 0000009C 3E0C0000261000006C-     dd 3134, 4134, 2156, 2164, 3142
    52 0000009C 08000074080000460C-
    53 0000009C 0000               
    54 000000B0 8104000081040000A0-     dd 1153, 1153, 1184, 5142, 2134
    55 000000B0 040000161400005608-
    56 000000B0 0000               
    57 000000C4 490C0000261000004B-     dd 3145, 4134, 2123, 4123, 6123
    58 000000C4 0800001B100000EB17-
    59 000000C4 0000               
    60 000000D8 6E0400002610000024-     dd 1134, 4134, 5156, 5164, 7142
    61 000000D8 1400002C140000E61B-
    62 000000D8 0000               
    63 000000EC 510C00008104000088-     dd 3153, 1153, 2184, 4142, 7134
    64 000000EC 0800002E100000DE1B-
    65 000000EC 0000               
    66 00000100 6C0800007408000046-     dd 2156, 2164, 3142, 3134
    67 00000100 0C00003E0C0000     
    68                                 
    69 00000110 22000000               length dd 34
    70                                 
    71 00000114 00000000               aMin dd 0
    72 00000118 00000000               aMid dd 0
    73 0000011C 00000000               aMax dd 0
    74 00000120 00000000               aSum dd 0
    75 00000124 00000000               aAve dd 0
    76                                 
    77 00000128 00000000               pMin dd 0
    78 0000012C 00000000               pMid dd 0
    79 00000130 00000000               pMax dd 0
    80 00000134 00000000               pSum dd 0
    81 00000138 00000000               pAve dd 0
    82                                 
    83 0000013C 00000000               sMin dd 0
    84 00000140 00000000               sMid dd 0
    85 00000144 00000000               sMax dd 0
    86 00000148 00000000               sSum dd 0
    87 0000014C 00000000               sAve dd 0
    88 00000150 00000000               sTmp dd 0
    89                                 
    90                                 
    91                                 
    92                                 
    93                                 
    94                                 
    95                                 
    96                                 
    97                                 [section .bss]
    98                                 
    99 00000000 <gap>                  areas resd 34
   100 00000088 <gap>                  perims resd 34
   101 00000110 <gap>                  sPerims resd 34
   102                                 
   103                                 
   104                                 [section .text]
   105                                 [global _start]
   106                                 _start:
   107                                 
   108 00000000 8B0C25[00000000]       mov ecx, dword[length]
   109 00000007 48C7C600000000         mov rsi, 0
   110                                 calcLoop:
   111                                 
   112 0000000E BB02000000              mov ebx, 2
   113 00000013 B800000000              mov eax, 0
   114 00000018 668B8436[00000000]      mov ax, word[qDiags+rsi*2]
   115 00000020 F724B5[00000000]        mul dword[qDiags+rsi*4]
   116 00000027 F7F3                    div ebx
   117 00000029 890425[00000000]        mov dword[sTmp], eax
   118                                 
   119                                 
   120                                 
   121 00000030 48FFC6                  inc rsi
   122 00000033 48FFC9                  dec rcx
   123 00000036 4883F900                cmp rcx, 0
   124 0000003A 7400                    je calcLoopDone
   125 0000003C EBCE                    jmp calcLoop
   126                                 calcLoopDone:
   127                                 
   128                                 
   129                                 
   130                                 last:
   131 0000003E B83C000000              mov eax, SYS_exit
   132 00000043 BB00000000              mov ebx, EXIT_SUCCESS
   133 00000048 0F05                    syscall
